srun: Job step aborted: Waiting up to 32 seconds for job step to finish.
slurmstepd: error: *** STEP 17936909.0 ON c26a-s2 CANCELLED AT 2018-03-09T15:51:14 DUE TO TIME LIMIT ***
slurmstepd: error: *** JOB 17936909 ON c26a-s2 CANCELLED AT 2018-03-09T15:51:14 DUE TO TIME LIMIT ***
